<?xml version="1.0" encoding="UTF-8"?>
<testng-results ignored="0" total="1" passed="1" failed="0" skipped="0">
  <reporter-output>
  </reporter-output>
  <suite started-at="2023-10-25T19:57:26 IST" name="Default suite" finished-at="2023-10-25T19:57:27 IST" duration-ms="240">
    <groups>
    </groups>
    <test started-at="2023-10-25T19:57:26 IST" name="Default test" finished-at="2023-10-25T19:57:27 IST" duration-ms="240">
      <class name="practice.ReadDataFromCmd">
        <test-method signature="read()[pri:0, instance:practice.ReadDataFromCmd@6283d8b8]" started-at="2023-10-25T19:57:26 IST" name="read" finished-at="2023-10-25T19:57:26 IST" duration-ms="35" status="PASS">
          <reporter-output>
          </reporter-output>
        </test-method> <!-- read -->
      </class> <!-- practice.ReadDataFromCmd -->
    </test> <!-- Default test -->
  </suite> <!-- Default suite -->
</testng-results>
